<?xml version="1.0" encoding="UTF-8"?>
<testsuite name="com.example.testingweb.SmokeTest" tests="1" skipped="0" failures="0" errors="0" timestamp="2023-05-17T04:49:38" hostname="MBP-de-Alexis" time="0.002">
  <properties/>
  <testcase name="contextLoads()" classname="com.example.testingweb.SmokeTest" time="0.002"/>
  <system-out><![CDATA[2023-05-17 00:49:38.401  INFO 87905 --- [    Test worker] .b.t.c.SpringBootTestContextBootstrapper : Neither @ContextConfiguration nor @ContextHierarchy found for test class [com.example.testingweb.SmokeTest], using SpringBootContextLoader
2023-05-17 00:49:38.401  INFO 87905 --- [    Test worker] o.s.t.c.support.AbstractContextLoader    : Could not detect default resource locations for test class [com.example.testingweb.SmokeTest]: no resource found for suffixes {-context.xml, Context.groovy}.
2023-05-17 00:49:38.401  INFO 87905 --- [    Test worker] t.c.s.AnnotationConfigContextLoaderUtils : Could not detect default configuration classes for test class [com.example.testingweb.SmokeTest]: SmokeTest does not declare any static, non-private, non-final, nested classes annotated with @Configuration.
2023-05-17 00:49:38.402  INFO 87905 --- [    Test worker] .b.t.c.SpringBootTestContextBootstrapper : Found @SpringBootConfiguration com.example.testingweb.TestingWebApplication for test class com.example.testingweb.SmokeTest
2023-05-17 00:49:38.403  INFO 87905 --- [    Test worker] .b.t.c.SpringBootTestContextBootstrapper : Loaded default TestExecutionListener class names from location [META-INF/spring.factories]: [org.springframework.boot.test.autoconfigure.restdocs.RestDocsTestExecutionListener, org.springframework.boot.test.autoconfigure.web.client.MockRestServiceServerResetTestExecutionListener, org.springframework.boot.test.autoconfigure.web.servlet.MockMvcPrintOnlyOnFailureTestExecutionListener, org.springframework.boot.test.autoconfigure.web.servlet.WebDriverTestExecutionListener, org.springframework.boot.test.autoconfigure.webservices.client.MockWebServiceServerTestExecutionListener, org.springframework.boot.test.mock.mockito.MockitoTestExecutionListener, org.springframework.boot.test.mock.mockito.ResetMocksTestExecutionListener, org.springframework.test.context.web.ServletTestExecutionListener, org.springframework.test.context.support.DirtiesContextBeforeModesTestExecutionListener, org.springframework.test.context.event.ApplicationEventsTestExecutionListener, org.springframework.test.context.support.DependencyInjectionTestExecutionListener, org.springframework.test.context.support.DirtiesContextTestExecutionListener, org.springframework.test.context.transaction.TransactionalTestExecutionListener, org.springframework.test.context.jdbc.SqlScriptsTestExecutionListener, org.springframework.test.context.event.EventPublishingTestExecutionListener]
2023-05-17 00:49:38.403  INFO 87905 --- [    Test worker] .b.t.c.SpringBootTestContextBootstrapper : Using TestExecutionListeners: [org.springframework.test.context.web.ServletTestExecutionListener@7feefe99, org.springframework.test.context.support.DirtiesContextBeforeModesTestExecutionListener@5b45cd8d, org.springframework.test.context.event.ApplicationEventsTestExecutionListener@4001521a, org.springframework.boot.test.mock.mockito.MockitoTestExecutionListener@3dc4c33c, org.springframework.boot.test.autoconfigure.SpringBootDependencyInjectionTestExecutionListener@3556f82b, org.springframework.test.context.support.DirtiesContextTestExecutionListener@400a72a9, org.springframework.test.context.event.EventPublishingTestExecutionListener@a516930, org.springframework.boot.test.autoconfigure.restdocs.RestDocsTestExecutionListener@11178665, org.springframework.boot.test.autoconfigure.web.client.MockRestServiceServerResetTestExecutionListener@1302b3cc, org.springframework.boot.test.autoconfigure.web.servlet.MockMvcPrintOnlyOnFailureTestExecutionListener@8e043f, org.springframework.boot.test.autoconfigure.web.servlet.WebDriverTestExecutionListener@197e5f7, org.springframework.boot.test.autoconfigure.webservices.client.MockWebServiceServerTestExecutionListener@2c1e7f0e, org.springframework.boot.test.mock.mockito.ResetMocksTestExecutionListener@2a043592]

  .   ____          _            __ _ _
 /\\ / ___'_ __ _ _(_)_ __  __ _ \ \ \ \
( ( )\___ | '_ | '_| | '_ \/ _` | \ \ \ \
 \\/  ___)| |_)| | | | | || (_| |  ) ) ) )
  '  |____| .__|_| |_|_| |_\__, | / / / /
 =========|_|==============|___/=/_/_/_/
 :: Spring Boot ::                (v2.6.3)

2023-05-17 00:49:38.415  INFO 87905 --- [    Test worker] com.example.testingweb.SmokeTest         : Starting SmokeTest using Java 17.0.7 on MBP-de-Alexis with PID 87905 (started by alexis in /Users/alexis/Desktop/trabajo-final/microservicio-spring)
2023-05-17 00:49:38.415  INFO 87905 --- [    Test worker] com.example.testingweb.SmokeTest         : No active profile set, falling back to default profiles: default
2023-05-17 00:49:38.558  INFO 87905 --- [    Test worker] com.example.testingweb.SmokeTest         : Started SmokeTest in 0.152 seconds (JVM running for 2.212)
]]></system-out>
  <system-err><![CDATA[]]></system-err>
</testsuite>
